20230905	12:29:24	25426152-78bc-4b49-ac74-37b0221de630	POST	/auth/register	undefined
20230905	12:33:49	60c59d8e-ad12-49e8-8f85-53f56dd8fd50	POST	/auth/login	undefined
20230907	11:41:53	0f7e2ceb-5d8f-4cc5-bd13-ec708ad19042	POST	/auth/login	undefined
20230907	11:42:18	72edf48c-49a4-40dd-8674-3d8dac6fe0a5	POST	/auth/login	undefined
20230912	14:58:43	31ab55cb-adca-4cf9-ba17-eb2a024490ef	GET	/	undefined
20230912	14:58:43	194fadf0-e7d8-41ca-967f-93ec5a4fc0a7	GET	/favicon.ico	undefined
20230912	15:57:23	b36a4fae-164c-4699-b1bb-9eea2c30585a	OPTIONS	/auth/login	http://localhost:3000
20230912	15:57:23	bf1ea6c5-2834-479e-964a-7ee531cdf942	POST	/auth/login	http://localhost:3000
20230912	16:05:49	8ccad65a-8d64-4268-8fe5-53decb6cce47	OPTIONS	/auth/register	http://localhost:3000
20230912	16:05:49	c41416ba-0e6a-4c31-94b4-df5e8f1d801b	POST	/auth/register	http://localhost:3000
20230912	16:38:53	026a3e65-b686-4116-af32-c6d24d6473fd	GET	/users/	undefined
20230912	17:18:23	a5a387d3-caa4-4875-8c0a-e50af2505439	PATCH	/users/	undefined
20230912	17:19:00	8592dd27-e0be-4f15-8a30-57426407978f	POST	/auth/login	undefined
20230912	17:21:03	b300db7b-8285-4be3-ab59-5c07b1188d40	PATCH	/users/	undefined
20230912	17:21:09	8ba1457c-6b5f-411b-9157-4ad0323ab9a5	POST	/auth/login	undefined
20230912	17:21:41	ecd6ed5e-0d3d-4c76-8b60-5ac405433c51	PATCH	/users/	undefined
20230912	17:22:40	6e2977f9-a453-4efb-ac85-e87eb5f64219	PATCH	/users	undefined
20230912	17:22:45	e8b95e5f-7853-4bbc-8575-37848af67a8b	GET	/users	undefined
20230912	17:22:56	a8f8f247-c399-41c4-a19c-a3da7a157265	POST	/auth/login	undefined
20230912	17:23:31	2bfaa182-f07f-42da-bbd7-292f6af052dc	GET	/users/profile	undefined
20230912	17:23:52	3165e096-a0a7-4795-823c-b3896f62c9f7	GET	/users/profile	undefined
20230912	17:25:19	264514e1-13a4-4386-9314-7c2f72ea06ed	GET	/users/profile	undefined
20230912	17:25:43	cdc9a3a4-bf21-43da-a6e6-5d9210869fac	GET	/users/profile	undefined
20230912	17:26:37	4bc40af2-ac8e-4548-85dc-f3b317bc56c6	PATCH	/users/	undefined
20230912	17:26:53	a010bfd1-1b3e-4fa4-911d-01765f283a98	PATCH	/users/	undefined
20230912	17:28:12	cec0eebe-96f2-439c-b578-1342a2f37155	GET	/users/profile	undefined
20230912	17:28:45	2a4028ed-8137-41fb-89da-500a09eaa1f5	POST	/users/profile	undefined
20230912	17:29:09	92f49633-8e33-4259-8b79-f3e3716dbb73	GET	/users/	undefined
20230912	17:29:33	e46d91d3-40d1-4b8c-808d-207d45925657	DELETE	/users/	undefined
20230912	17:29:41	718b5dee-5c12-44c2-8a2e-cf8608227167	GET	/users/	undefined
20230912	17:31:38	49d0905e-3151-4b0d-be53-dffd61e733da	OPTIONS	/auth/register	http://localhost:3000
20230912	17:31:38	e68cc177-ed1a-4065-93d1-1d86d8f837d4	POST	/auth/register	http://localhost:3000
20230912	17:31:43	5335500e-bef2-4556-a809-8451ba08b271	GET	/users/	undefined
20230912	17:31:55	f21de7c8-6362-4cba-aee9-a43deea38d60	DELETE	/users/	undefined
20230912	17:32:16	fcb51919-e708-4ce2-8bea-b4f239716a73	DELETE	/users/	undefined
20230912	17:32:21	08c12f99-60b9-49b8-8b62-d0875cc8ae72	GET	/users/	undefined
20230912	18:05:41	d54f86c2-8fd7-4bd7-a731-6b931eaadf03	OPTIONS	/auth/login	http://localhost:3000
20230912	18:05:41	148a0798-42fd-4ec1-87bd-9c6c27efa3ad	POST	/auth/login	http://localhost:3000
20230912	18:07:08	d46535df-5d5e-4267-836a-13f0295c0f83	OPTIONS	/users/profile	http://localhost:3000
20230912	18:07:08	f7f151d9-a157-4335-881e-28321cb6b5d0	GET	/users/profile	http://localhost:3000
20230912	18:07:17	5a6e5ce9-3947-48e2-8aea-e421204ef1be	OPTIONS	/users/profile	http://localhost:3000
20230912	18:07:17	5c8463dd-72b7-42a3-8d11-fca01fdef524	GET	/users/profile	http://localhost:3000
20230912	18:08:09	fb2d2541-5642-40a9-b705-2a40be80a57d	OPTIONS	/users/profile	http://localhost:3000
20230912	18:08:09	d016957a-9c92-4f3f-a925-525680cf7630	GET	/users/profile	http://localhost:3000
20230912	18:09:05	b371b5da-120e-4d2f-8dc7-8177c8bd5fd1	OPTIONS	/users/profile	http://localhost:3000
20230912	18:09:05	ba6c3a68-2d27-4c83-af23-69a8d9febde3	GET	/users/profile	http://localhost:3000
20230912	18:09:06	d47f7fac-b713-4f56-af2f-72d239c85e10	GET	/users/profile	http://localhost:3000
20230912	18:09:21	114ed6e7-7d8f-422f-a3f8-974e4485aef5	OPTIONS	/users/profile	http://localhost:3000
20230912	18:09:21	53247afb-3277-48c9-8fad-0b9f2ac6b5b2	GET	/users/profile	http://localhost:3000
20230912	18:10:17	9b5faffb-a1f7-4d3b-8927-32b98a7e96f4	OPTIONS	/users/profile	http://localhost:3000
20230912	18:10:17	0f2e2e5d-bfe8-4b16-ac97-0f7c09b92d63	GET	/users/profile	http://localhost:3000
20230912	18:10:20	db6ae23b-d103-426c-8967-b0f7b0317590	GET	/users/profile	http://localhost:3000
20230912	18:10:23	73ae0c74-f51c-469c-8302-efe27d5b1889	OPTIONS	/users/profile	http://localhost:3000
20230912	18:10:23	3cc55068-4adf-4a4f-9040-27897103647a	GET	/users/profile	http://localhost:3000
20230912	18:10:29	74f3b791-fe9b-421a-99cc-748ed2f8510b	OPTIONS	/users/profile	http://localhost:3000
20230912	18:10:29	1a299a51-9430-4c5c-bbfa-a42a0f0ee4bf	GET	/users/profile	http://localhost:3000
20230912	18:10:32	f9aa6adc-b0ee-48ac-9501-4edd86568465	GET	/users/profile	http://localhost:3000
20230912	18:10:36	87b1ff76-20bd-4422-8218-89fb21a3af6f	OPTIONS	/users/profile	http://localhost:3000
20230912	18:10:36	6aca7475-393c-437f-a98d-7cefe25afd9f	GET	/users/profile	http://localhost:3000
20230912	18:10:38	35a57def-2a78-479d-9ec7-20211c841b46	GET	/users/profile	http://localhost:3000
20230912	18:10:40	dc571052-efbd-44fd-87ef-a62a1d76e27f	GET	/users/profile	http://localhost:3000
20230912	18:10:42	39de89e2-74de-4e60-8e38-02a2ff023d14	OPTIONS	/users/profile	http://localhost:3000
20230912	18:10:42	3587883a-e27d-455a-bcde-179ac09abae9	GET	/users/profile	http://localhost:3000
20230912	18:12:22	c5af8e72-de8e-4a64-b1a8-3a68cf084ef3	OPTIONS	/users/profile	http://localhost:3000
20230912	18:12:22	24b78a9e-00f9-485a-a599-e4eb4b1e38ca	GET	/users/profile	http://localhost:3000
20230912	18:13:56	44f556d5-19d0-4cb7-93ad-52ccf7b9fc3e	OPTIONS	/users/profile	http://localhost:3000
20230912	18:13:56	5821d51c-138a-4bf5-9e1f-b590664f5297	GET	/users/profile	http://localhost:3000
20230912	18:14:01	f469a947-3553-4abd-b974-a215a65385de	GET	/users/profile	http://localhost:3000
20230912	18:15:28	51cd2921-9ed2-4742-8c1d-e5c01826f2cd	OPTIONS	/users/profile	http://localhost:3000
20230912	18:15:28	045765a9-fe70-4a13-90fd-720f3837c981	GET	/users/profile	http://localhost:3000
20230912	18:15:49	e35a6103-e2e2-4239-948a-130fcecf4e8b	OPTIONS	/users/profile	http://localhost:3000
20230912	18:15:49	4531b760-fba4-44d3-9d03-9e50528b186b	GET	/users/profile	http://localhost:3000
20230912	18:16:17	2582b701-71c6-48a8-987b-bb278dd32f78	OPTIONS	/users/profile	http://localhost:3000
20230912	18:16:17	157751b6-b8ad-41de-bbe6-9ae5ae8bcb24	GET	/users/profile	http://localhost:3000
20230912	18:16:43	2658befd-e61e-448f-9803-76a05ede06ae	OPTIONS	/users/profile	http://localhost:3000
20230912	18:16:43	6bc875e3-9381-4b99-837a-404076aaa8fb	GET	/users/profile	http://localhost:3000
20230912	18:16:44	045c8523-dfbf-4db8-8d16-9bdcf04ae5a2	GET	/users/profile	http://localhost:3000
20230912	18:16:55	f0da3301-5189-4f99-b84f-de695598f908	OPTIONS	/users/profile	http://localhost:3000
20230912	18:16:55	df605aa5-bcb6-4a01-84c6-122f6d7b52d1	GET	/users/profile	http://localhost:3000
20230912	18:16:56	01544771-af10-43d8-be70-dc3d5585c15f	GET	/users/profile	http://localhost:3000
20230912	18:17:27	b4d8a146-a0ce-46e2-a641-b30f63e338ce	OPTIONS	/users/profile	http://localhost:3000
20230912	18:17:27	2dc7dcf4-9fbf-4fa0-928b-0335ab2fea8a	GET	/users/profile	http://localhost:3000
20230912	18:17:30	c01a36d8-00be-45a5-a6e9-7419b2f025c4	GET	/users/profile	http://localhost:3000
20230912	18:17:39	6812dcc3-0f8f-49f3-9088-e3e0268b1750	OPTIONS	/users/profile	http://localhost:3000
20230912	18:17:39	bb1b2774-a9f6-4e07-b38e-dfd5aeca11c4	GET	/users/profile	http://localhost:3000
20230912	18:17:51	f5476b5d-ea32-4540-9c7a-a2c521c462c9	OPTIONS	/users/profile	http://localhost:3000
20230912	18:17:51	664f2c2d-60b3-4b8a-8c7a-ad0db5337bae	GET	/users/profile	http://localhost:3000
20230912	18:17:51	121f76b6-84e0-47dd-8710-d757e7779bf7	GET	/users/profile	http://localhost:3000
20230912	18:17:58	e6acbfbf-b17c-4a4d-b22b-416485c894a2	OPTIONS	/users/profile	http://localhost:3000
20230912	18:17:58	d4575cbf-35be-40f4-8b2b-62494a1832a3	GET	/users/profile	http://localhost:3000
20230912	18:17:59	a1016d61-1cf7-4475-b4a2-aab5eaee4a0d	GET	/users/profile	http://localhost:3000
20230912	18:18:10	2880b51d-08ff-497c-97c2-9a4db377095f	OPTIONS	/users/profile	http://localhost:3000
20230912	18:18:10	3b20d79d-5e19-4108-be8e-73509066c763	GET	/users/profile	http://localhost:3000
20230912	18:18:37	1b599dc9-5081-4658-b31b-34cf7056ffb5	OPTIONS	/users/profile	http://localhost:3000
20230912	18:18:37	3603f33c-caa3-4e69-92b6-5f811cf64818	GET	/users/profile	http://localhost:3000
20230912	18:18:37	5b451c7b-989f-4026-9e7a-90c6b7f110b5	GET	/users/profile	http://localhost:3000
20230912	18:18:37	872e7c1c-867c-4b84-9d19-31df9021000a	GET	/users/profile	http://localhost:3000
20230912	18:18:41	cb69071f-85a9-4f88-8a75-7afd4ebb0757	GET	/users/profile	http://localhost:3000
20230912	18:18:46	92cc52be-38d3-49a6-930d-0c9fd40f689d	OPTIONS	/users/profile	http://localhost:3000
20230912	18:18:46	ef754815-e011-46f8-9251-4394806e97f2	GET	/users/profile	http://localhost:3000
20230912	18:19:00	298f552e-673c-442a-93ac-4e803155a769	OPTIONS	/users/profile	http://localhost:3000
20230912	18:19:00	a15bba21-a094-4406-a59b-a38ff4edae19	GET	/users/profile	http://localhost:3000
20230912	18:19:01	8e0328cf-f980-4c5d-bf6b-bd90b889462e	GET	/users/profile	http://localhost:3000
20230912	18:19:59	4e4e7d1e-6da1-488f-ba9a-9ff53220f870	OPTIONS	/users/profile	http://localhost:3000
20230912	18:19:59	3c3c004b-8d8f-4992-ba1e-dfc01b15ce84	GET	/users/profile	http://localhost:3000
20230912	18:19:59	ad3cfc4e-61f3-4e5e-a1a1-e4422f777712	GET	/users/profile	http://localhost:3000
20230912	18:20:00	72a776ab-71f8-478a-aa1b-e9f896c8e478	GET	/users/profile	http://localhost:3000
20230912	18:20:00	82145713-a79f-40ae-b82d-a71a022949dc	GET	/users/profile	http://localhost:3000
20230912	18:20:00	24ace5cf-2fe4-46ba-849f-8daa5220a5fb	GET	/users/profile	http://localhost:3000
20230912	18:20:00	a332777e-8d6c-4830-8b75-12027edb1a08	GET	/users/profile	http://localhost:3000
20230912	18:20:00	01d3f2a9-e09b-4c5e-bebd-e404be94a610	GET	/users/profile	http://localhost:3000
20230912	18:20:03	4df37726-f4aa-414f-b0ed-13e95648abbe	GET	/users/profile	http://localhost:3000
20230912	18:20:05	2993c24c-a711-4ccd-9f06-4cdd3add1f30	OPTIONS	/users/profile	http://localhost:3000
20230912	18:20:05	e9c59365-95a9-4aaf-b62d-df09682eee62	GET	/users/profile	http://localhost:3000
20230912	18:20:11	31921afd-740c-4477-baa6-e04bf9d69577	OPTIONS	/users/profile	http://localhost:3000
20230912	18:20:11	412721c1-ca1d-4542-80d5-07e0bed9e561	GET	/users/profile	http://localhost:3000
20230912	18:20:14	3a98a50b-c905-42e4-921b-6a1a2df784f6	GET	/users/profile	http://localhost:3000
20230912	18:20:26	df34220b-9be6-45b0-8200-ae0e482bcd77	OPTIONS	/users/profile	http://localhost:3000
20230912	18:20:26	e67f3fb2-73a5-4a2b-a1e9-79bd45a04018	GET	/users/profile	http://localhost:3000
20230912	18:20:28	9fb5fd7a-a5dd-4474-bfb8-63b001911454	GET	/users/profile	http://localhost:3000
20230912	18:20:38	c8310859-3ff1-4c81-8db9-1cd7b0f9162b	OPTIONS	/users/profile	http://localhost:3000
20230912	18:20:38	bfa94815-3300-42ea-9b0e-07b094d86dbc	GET	/users/profile	http://localhost:3000
20230912	18:20:49	5f2b8542-8bf4-43aa-82ef-603bcc6f9b97	OPTIONS	/users/profile	http://localhost:3000
20230912	18:20:49	16af96c6-3243-443d-887b-53861a9e5513	GET	/users/profile	http://localhost:3000
20230912	18:20:55	c35f8667-bef6-4781-b916-986ce0aad576	OPTIONS	/users/profile	http://localhost:3000
20230912	18:20:55	3f7fb497-cffd-472c-be54-a6eb7f74e7cc	GET	/users/profile	http://localhost:3000
20230912	18:20:58	8c5fec65-d0d1-4f3f-bdba-5707da444204	GET	/users/profile	http://localhost:3000
20230912	18:21:15	4444f829-099d-4319-8f2c-b9aa008bfd90	OPTIONS	/users/profile	http://localhost:3000
20230912	18:21:15	46c5c86c-42fc-4184-b92e-dc18275e60d3	GET	/users/profile	http://localhost:3000
20230912	18:21:39	e2cd6174-7c54-4df3-a593-fc3bf02e8f0c	OPTIONS	/users/profile	http://localhost:3000
20230912	18:21:39	b6204b3f-4cbc-4c5a-ac8f-b5ba4f3ab1ce	GET	/users/profile	http://localhost:3000
20230912	18:21:41	04559124-c8bf-48cd-803d-2a14b9dfa6fc	GET	/users/profile	http://localhost:3000
20230912	22:49:26	4116e095-2a9a-4a0d-8b5f-08e7d1b9cb08	OPTIONS	/users/profile	http://localhost:3000
20230912	22:49:26	e92cbb94-8ccf-463d-814a-1db944f4dad3	GET	/users/profile	http://localhost:3000
20230912	22:49:28	96bff857-4838-455e-aada-fba52ef5d72c	GET	/users/profile	http://localhost:3000
20230912	22:49:39	7319c55c-f98a-4f76-ab0a-a7f4a8871c16	OPTIONS	/users/profile	http://localhost:3000
20230912	22:49:39	daac754e-f5a6-4990-ba87-329d4817855a	GET	/users/profile	http://localhost:3000
20230912	22:50:20	e5e9a443-5d4e-44ab-a7ee-9bb44000b018	OPTIONS	/users/profile	http://localhost:3000
20230912	22:50:20	5ac99c77-1a04-47ab-a312-671ff29a1872	GET	/users/profile	http://localhost:3000
20230912	22:50:23	249efa8c-15d8-487f-9e3d-e03c255c1893	GET	/users/profile	http://localhost:3000
20230912	22:50:37	4c06ca32-df02-4be2-9cdc-63302d3b704d	OPTIONS	/users/profile	http://localhost:3000
20230912	22:50:37	7d4b373b-fa06-4608-84aa-9550fcfbc709	GET	/users/profile	http://localhost:3000
20230912	22:50:45	4242d8b6-6fca-4cc6-8347-5cb3f13b9678	OPTIONS	/users/profile	http://localhost:3000
20230912	22:50:45	0628fea2-1985-4a4f-940d-d48308e6f7e7	GET	/users/profile	http://localhost:3000
20230912	22:50:55	40a31596-1b87-46b4-b1f1-5e157626f1e5	OPTIONS	/users/profile	http://localhost:3000
20230912	22:50:55	23c1690c-c9f8-46b9-a9f7-8e702c196f12	GET	/users/profile	http://localhost:3000
20230912	22:51:06	eac88ff7-1f6b-4c10-990d-b57c97979ad4	OPTIONS	/users/profile	http://localhost:3000
20230912	22:51:06	2190b6c4-feab-4f62-82a9-36ca86cb212e	GET	/users/profile	http://localhost:3000
20230912	22:51:13	24717fde-0fd1-404e-b10e-c01cb621dc97	OPTIONS	/users/profile	http://localhost:3000
20230912	22:51:13	bf2d7f90-c7e3-4ce1-9f1b-7aac1a0fa44d	GET	/users/profile	http://localhost:3000
20230912	22:51:26	3a3dd2e2-e38f-4438-895c-1cd5542e029a	OPTIONS	/users/profile	http://localhost:3000
20230912	22:51:26	81f9d5fb-2491-44e7-b9f8-06ed18612ae8	GET	/users/profile	http://localhost:3000
20230912	22:51:29	72a835c2-d0db-4f9d-9efb-ea215bbefb6b	GET	/users/profile	http://localhost:3000
20230912	22:51:36	e5d0ef74-8260-461b-8718-a12e12d0a020	OPTIONS	/users/profile	http://localhost:3000
20230912	22:51:36	0ff13e54-298c-442e-a698-8edc126e3db9	GET	/users/profile	http://localhost:3000
20230912	22:51:42	682709f4-cdc1-4d44-a7b0-42c8227bb75c	OPTIONS	/users/profile	http://localhost:3000
20230912	22:51:42	cbbd4c4f-6d11-4a3b-99fc-a7635be197fa	GET	/users/profile	http://localhost:3000
20230912	22:51:44	68b133f3-58f4-495c-b38c-2327474afede	GET	/users/profile	http://localhost:3000
20230912	22:51:50	b35aeb18-a9d8-43e7-b919-9ddb6ba0d341	OPTIONS	/users/profile	http://localhost:3000
20230912	22:51:50	c9fa0231-b969-460a-ba42-ef496c36fe10	GET	/users/profile	http://localhost:3000
20230912	22:51:58	5bfd9dd5-d0b5-4eab-bf66-070a6888c54b	OPTIONS	/users/profile	http://localhost:3000
20230912	22:51:58	8af1b530-ee9b-4ee3-87e3-9d854e73a7d6	GET	/users/profile	http://localhost:3000
20230912	22:51:59	4c0ebfb6-8d8e-4538-911f-8969e33d4540	GET	/users/profile	http://localhost:3000
20230912	22:52:04	0e887e50-79be-4b98-b7e3-b77a4bf5892b	OPTIONS	/users/profile	http://localhost:3000
20230912	22:52:04	cc5bd1f1-b029-4a1e-a472-a361509d2b8a	GET	/users/profile	http://localhost:3000
20230912	22:52:08	1a169f45-2d08-4bfa-91f2-2febb74ee568	GET	/users/profile	http://localhost:3000
20230912	22:52:14	ecdbe5fd-bdc7-4610-acca-09f0fe78c2ce	OPTIONS	/users/profile	http://localhost:3000
20230912	22:52:14	f3329213-843b-42b9-ad6d-397ca6790447	GET	/users/profile	http://localhost:3000
20230912	22:52:28	35ac18d9-5209-4360-a3d7-c5c8fdb84bb7	OPTIONS	/users/profile	http://localhost:3000
20230912	22:52:28	9547db9c-8b3d-4f09-8ff6-b975fde49598	GET	/users/profile	http://localhost:3000
20230912	22:52:31	222b5656-002d-4240-9a5a-a8e5c8c8d758	GET	/users/profile	http://localhost:3000
20230912	22:52:43	7403f47c-9807-4739-8935-709d2a61f975	OPTIONS	/users/profile	http://localhost:3000
20230912	22:52:43	388650e6-848a-405c-b7c3-37b594e5b92b	GET	/users/profile	http://localhost:3000
20230912	22:53:14	fb0226d7-9d0d-4223-9b45-7c769eec0c11	OPTIONS	/users/profile	http://localhost:3000
20230912	22:53:14	1ff70017-16ec-45b3-ada4-a4366eac2e33	GET	/users/profile	http://localhost:3000
20230912	22:53:20	0712a02c-8e6b-47c8-af7c-f06ae259645f	OPTIONS	/users/profile	http://localhost:3000
20230912	22:53:20	e62cccc3-05a5-43a1-aae1-d0bec546c385	GET	/users/profile	http://localhost:3000
20230912	22:53:24	c3c69f32-f7af-4c45-af38-82c89ab7f67e	GET	/users/profile	http://localhost:3000
20230912	22:53:27	29a2b308-a756-4673-a125-b361823dee6f	OPTIONS	/users/profile	http://localhost:3000
20230912	22:53:27	384dbb42-cf0f-466c-9a61-756759274ab6	GET	/users/profile	http://localhost:3000
20230912	22:53:28	944496af-4b31-4262-b4c3-d46fab4bc779	GET	/users/profile	http://localhost:3000
20230912	22:53:31	6b43c4a6-04f0-4294-b74c-f15d16393f4b	GET	/users/profile	http://localhost:3000
20230912	22:53:35	1cd72f99-48eb-4f5c-b4ec-fe0f929e4be8	OPTIONS	/users/profile	http://localhost:3000
20230912	22:53:35	8df24712-705e-4a1c-91fb-03e923309287	GET	/users/profile	http://localhost:3000
20230912	22:53:42	86fc33d3-3f9c-48fe-a1de-0e2c53a59669	OPTIONS	/users/profile	http://localhost:3000
20230912	22:53:42	a0154abb-9e24-4214-8b3b-35ab708ee386	GET	/users/profile	http://localhost:3000
20230912	22:54:15	456c41c4-ea03-4230-8bd3-d88c41b5b780	OPTIONS	/users/profile	http://localhost:3000
20230912	22:54:15	29f368a2-7aac-4d7d-b3a8-273ddd70875e	GET	/users/profile	http://localhost:3000
20230912	22:54:28	6871436f-27f8-4d17-a4ad-973f880e096b	OPTIONS	/users/profile	http://localhost:3000
20230912	22:54:28	92d6484c-eebf-45f9-81fd-0592185fc178	GET	/users/profile	http://localhost:3000
20230912	22:54:42	737eb173-6159-4be2-b62e-f5a11e715d6d	OPTIONS	/users/profile	http://localhost:3000
20230912	22:54:42	f3eddb72-2530-4da3-9ae4-757a580b63c8	GET	/users/profile	http://localhost:3000
20230912	22:54:47	fe075d04-252b-48ba-bb98-3aaa0bbd6240	GET	/users/profile	http://localhost:3000
20230912	22:54:51	6a932591-5d7b-4115-bbb2-2d044ccf9660	OPTIONS	/users/profile	http://localhost:3000
20230912	22:54:51	7946b90f-3b8f-46e0-a686-74e022bcb7a2	GET	/users/profile	http://localhost:3000
20230912	22:54:54	9f90802c-a8ab-4e56-b51d-f3acb8f7ffb3	GET	/users/profile	http://localhost:3000
20230912	22:54:55	38f4bee8-1adc-4b3c-8f91-59831e59b109	GET	/users/profile	http://localhost:3000
20230912	22:54:58	0d323c93-7c34-4ae1-8044-4bcd65ad208b	OPTIONS	/users/profile	http://localhost:3000
20230912	22:54:58	e31dc4c4-ef86-421e-b9d9-9a894b826794	GET	/users/profile	http://localhost:3000
20230912	22:55:04	21ba8447-1791-4e62-8e41-32a318627dd6	OPTIONS	/users/profile	http://localhost:3000
20230912	22:55:04	f6d039c1-c81e-4f19-80a6-014aec7dc639	GET	/users/profile	http://localhost:3000
20230912	22:55:14	7e87ae07-b76f-4cb7-802d-fe063f38b7a6	OPTIONS	/users/profile	http://localhost:3000
20230912	22:55:14	eef361ae-fe4a-4f83-bfae-a1922d262284	GET	/users/profile	http://localhost:3000
20230912	22:55:29	c3d3ddc4-103b-48bf-ab1e-4b01f2063dc1	OPTIONS	/users/profile	http://localhost:3000
20230912	22:55:29	9e55f9f2-217c-4ce5-994e-4ca23082139c	GET	/users/profile	http://localhost:3000
20230912	22:55:39	6717986b-733b-448c-85fd-f6066c216ad5	OPTIONS	/users/profile	http://localhost:3000
20230912	22:55:39	605faa01-d18a-4a0e-a8e2-ac4bbb3b8ade	GET	/users/profile	http://localhost:3000
20230912	22:55:54	bef877c4-80ba-4934-a3a8-173670937f2e	OPTIONS	/users/profile	http://localhost:3000
20230912	22:55:54	14363ffb-aff2-4ade-ab2b-e751a81794a4	GET	/users/profile	http://localhost:3000
20230912	22:56:46	6e10d4c6-3c8e-4772-aa99-88c2d88b6b4d	OPTIONS	/users/profile	http://localhost:3000
20230912	22:56:46	35e2dc59-0d96-4be1-85f3-429f1e36a15f	GET	/users/profile	http://localhost:3000
20230912	22:59:16	d2ab0e2e-9d07-42e3-90cc-3e4a320c39ea	OPTIONS	/users/profile	http://localhost:3000
20230912	22:59:16	cf973607-cb2b-430c-8e45-6aa65e0d6853	GET	/users/profile	http://localhost:3000
20230912	22:59:25	72bc8ad7-4eab-4e9a-99ab-81ae2a16c4cf	OPTIONS	/users/profile	http://localhost:3000
20230912	22:59:25	27657719-9184-4e7f-bd8e-c0dfd3cd6a89	GET	/users/profile	http://localhost:3000
20230912	22:59:26	2285a6d3-bd9f-4e33-8263-d787c2dc7127	GET	/users/profile	http://localhost:3000
20230912	22:59:40	30713d6a-93c8-4c97-ab9d-ce5affea4a7f	OPTIONS	/users/profile	http://localhost:3000
20230912	22:59:40	f2b72acf-6d44-4a15-8f39-be43804a3a03	GET	/users/profile	http://localhost:3000
20230912	23:00:10	0e7a1ef0-fd0f-48aa-bfe4-3a8ab9d8b3f1	OPTIONS	/users/profile	http://localhost:3000
20230912	23:00:10	d7ad4357-cef3-4f9a-8325-a2e63010206d	GET	/users/profile	http://localhost:3000
20230912	23:00:18	68962bcd-3fce-4540-8e6e-b15ad7b423e7	OPTIONS	/users/profile	http://localhost:3000
20230912	23:00:18	f7f89511-b7d2-47b9-8a41-6e943f8413a2	GET	/users/profile	http://localhost:3000
20230912	23:00:40	320ca0d3-5c64-42ed-9e91-731afd010396	OPTIONS	/users/profile	http://localhost:3000
20230912	23:00:40	a2f4f621-c829-4814-82ec-0b193faa7f8f	GET	/users/profile	http://localhost:3000
20230912	23:03:34	3569e1f6-bd04-4680-b0ad-63367f4e2cdf	OPTIONS	/users/profile	http://localhost:3000
20230912	23:03:34	9d583d9a-6c36-44cd-90c2-896c9e5f4c24	GET	/users/profile	http://localhost:3000
20230912	23:03:38	8eaf9825-df2e-4636-a714-b6ba2a69b8c3	GET	/users/profile	http://localhost:3000
20230912	23:03:47	b723c0eb-848f-4302-838f-3e022c167c2b	OPTIONS	/users/profile	http://localhost:3000
20230912	23:03:47	767f81e9-c34c-49b7-9951-87b881e13b39	GET	/users/profile	http://localhost:3000
20230912	23:03:47	49a750cd-8386-4706-bde2-c54079c803e7	GET	/users/profile	http://localhost:3000
20230912	23:03:51	5f69188f-23b8-422e-af06-40ada6ff832a	GET	/users/profile	http://localhost:3000
20230912	23:06:46	b932332e-30e9-49d4-a643-1c5a4ee4d6f4	OPTIONS	/users/profile	http://localhost:3000
20230912	23:06:46	d0866fd1-8ce6-4e2e-a0b8-59973ead15fa	GET	/users/profile	http://localhost:3000
20230912	23:07:26	dbbbf4ed-688a-498c-8ac6-251797b65d58	OPTIONS	/users/profile	http://localhost:3000
20230912	23:07:26	76f77db8-df2b-4947-b629-f18c5afe2e5a	GET	/users/profile	http://localhost:3000
20230912	23:07:28	d595d519-84dd-47d8-89d4-699443706b69	GET	/users/profile	http://localhost:3000
20230912	23:07:58	d79e6010-8788-426d-bd4b-61c5417c21a8	OPTIONS	/users/profile	http://localhost:3000
20230912	23:07:58	fad6e79a-1045-44ab-8c71-137fe9473a6a	GET	/users/profile	http://localhost:3000
20230912	23:08:21	232b749e-bdde-4764-8904-b2a29e6fdf78	OPTIONS	/users/profile	http://localhost:3000
20230912	23:08:21	f3f84fd6-b660-408c-b777-3e623c597567	GET	/users/profile	http://localhost:3000
20230912	23:08:24	09f3e6cf-36fa-4958-9603-f6047c17425e	GET	/users/profile	http://localhost:3000
20230912	23:08:34	88bf2b9c-b9ba-4a2c-af95-508a8fc5b439	OPTIONS	/users/profile	http://localhost:3000
20230912	23:08:34	06839b0f-82d2-4ad8-a305-c6134a75f262	GET	/users/profile	http://localhost:3000
20230912	23:08:59	79459772-db91-432f-a1d1-82ad666bed60	OPTIONS	/users/profile	http://localhost:3000
20230912	23:08:59	36ddba81-e546-41d1-aa50-c6633b2676d5	GET	/users/profile	http://localhost:3000
20230912	23:09:01	edb1d59b-4e06-417e-8871-8b1c45aecfde	GET	/users/profile	http://localhost:3000
20230912	23:09:02	c34eb912-fdb1-4933-a6b2-bd024e011245	GET	/users/profile	http://localhost:3000
20230912	23:09:05	76087be8-5c5d-499d-b020-a2e501ea01dc	OPTIONS	/users/profile	http://localhost:3000
20230912	23:09:05	22903f44-8776-4250-9065-60ade9a99c35	GET	/users/profile	http://localhost:3000
20230912	23:09:11	e6e75380-9885-4231-b62c-92ff04cbe1ed	OPTIONS	/users/profile	http://localhost:3000
20230912	23:09:11	1db551a8-eb1d-4ea5-84db-baf4be5cc63f	GET	/users/profile	http://localhost:3000
20230912	23:09:17	fc9a4caa-565c-4b93-bee7-e9821d378a47	OPTIONS	/users/profile	http://localhost:3000
20230912	23:09:17	dbc0cc92-2b07-48d6-b59a-7dbf58bfcf21	GET	/users/profile	http://localhost:3000
20230912	23:09:19	979f208d-c806-4d67-a8a6-a378a69d150b	GET	/users/profile	http://localhost:3000
20230912	23:10:09	ba2d8004-5cca-4e30-b6bf-4c4f816b1b69	OPTIONS	/users/profile	http://localhost:3000
20230912	23:10:09	a159c1e5-6fb2-49f1-b34c-32a159c39b7f	GET	/users/profile	http://localhost:3000
20230912	23:10:30	f0f71961-a78c-44de-aac2-24ad4ea5a784	OPTIONS	/users/profile	http://localhost:3000
20230912	23:10:30	f17361cf-3013-457b-8e9d-8b06e28721ad	GET	/users/profile	http://localhost:3000
20230912	23:10:35	57ec82e7-cec6-4bf8-aebf-7f20267fd7b1	OPTIONS	/users/profile	http://localhost:3000
20230912	23:10:35	67d7e73c-8baa-48c4-bf20-59adc559574b	GET	/users/profile	http://localhost:3000
20230912	23:10:39	6de36000-846b-4bb8-821d-2e3e49bf2f14	GET	/users/profile	http://localhost:3000
20230912	23:10:43	136887ec-d8b8-4c7a-acc7-2a60aed98a19	OPTIONS	/users/profile	http://localhost:3000
20230912	23:10:43	49fd869d-cea6-4da4-b147-5e467fe96611	GET	/users/profile	http://localhost:3000
20230912	23:10:58	707e0485-51e3-453a-b038-c3c8b5978795	OPTIONS	/users/profile	http://localhost:3000
20230912	23:10:58	9c1f9233-5f69-4afb-af0a-11f5751cb82b	GET	/users/profile	http://localhost:3000
20230912	23:11:04	4cc2b14c-84ba-4f4b-8074-aed8b3d460a5	OPTIONS	/users/profile	http://localhost:3000
20230912	23:11:04	87486e2c-e502-4816-a44d-b397b2e53448	GET	/users/profile	http://localhost:3000
20230912	23:11:30	c67ab481-043b-450b-88fe-dc6cb20a28eb	OPTIONS	/users/profile	http://localhost:3000
20230912	23:11:30	07d4555a-c715-431c-8518-c452eac0f155	GET	/users/profile	http://localhost:3000
20230912	23:12:41	6b96dfe5-e7a9-40bb-8087-6f11c69fc9d6	OPTIONS	/users/profile	http://localhost:3000
20230912	23:12:41	d97876b8-c4b9-44b4-a44c-16ca1ac44d1b	GET	/users/profile	http://localhost:3000
20230912	23:13:21	a6645809-3419-41f0-9e60-cca065552b21	OPTIONS	/users/profile	http://localhost:3000
20230912	23:13:21	8a32f7fb-2868-4315-b484-27bcd3158966	GET	/users/profile	http://localhost:3000
20230912	23:13:35	4721d86d-a19b-4c2f-a2ec-d4bb4bdf107a	OPTIONS	/users/profile	http://localhost:3000
20230912	23:13:35	58797202-da14-4d0a-8f36-2c1d6596c324	GET	/users/profile	http://localhost:3000
20230912	23:13:41	c417e031-0bba-442c-8fad-e8ae522faddd	OPTIONS	/users/profile	http://localhost:3000
20230912	23:13:41	3cf03da6-c0cd-484c-976e-22051514f622	GET	/users/profile	http://localhost:3000
20230912	23:13:43	b8ea012b-d562-43b6-8d34-ce7c2210abf4	GET	/users/profile	http://localhost:3000
20230912	23:13:48	fb0431b3-c946-41ad-a092-9e23ea5b8b36	OPTIONS	/users/	http://localhost:3000
20230913	21:07:16	9f23fc31-b03c-485d-a61a-b594986678d7	OPTIONS	/auth/login	http://localhost:3000
20230913	21:07:16	a3713b45-5d3d-4ddb-92f5-b52017530002	POST	/auth/login	http://localhost:3000
20230913	21:08:57	9115c84d-7b6b-4602-8b77-612249db5a0f	POST	/auth/register	undefined
20230913	21:09:15	a9ce7a2d-1459-4e0c-b56d-0e0779c58b65	POST	/auth/login	undefined
20230913	21:09:27	2f58084b-9c0e-4f3d-9496-ce24d77d5c6c	GET	/users/	undefined
20230913	21:09:59	bbcc9a97-5963-49f4-9eff-39e6b91838b1	PATCH	/users/	undefined
20230913	21:10:03	17783e0a-0283-4856-9d0c-cdbc9b03b8e8	GET	/users/	undefined
20230913	21:10:20	b8b58e20-d7e1-4b86-a1cb-492b98fbb361	GET	/users/profile	undefined
20230913	21:10:34	40ef7428-9f63-4eef-ac3f-aecd481d18ce	PATCH	/users/	undefined
20230913	21:11:16	c10bf63f-2782-4ccb-8a6c-1a529c8a3395	OPTIONS	/auth/register	http://localhost:3000
20230913	21:11:16	52ede395-97ac-412c-82be-9384c5b56bd5	POST	/auth/register	http://localhost:3000
20230913	21:15:28	3170e585-2c0a-4c85-9e69-dce1436f8df9	OPTIONS	/users/profile	http://localhost:3000
20230913	21:15:28	451c1525-1a34-44c2-9349-03df70537959	GET	/users/profile	http://localhost:3000
20230913	21:15:44	422ec28a-9e45-42b1-8723-9a49dadf2bbc	OPTIONS	/users/profile	http://localhost:3000
20230913	21:15:44	2c6df2cb-7424-4d86-805b-aed143697626	GET	/users/profile	http://localhost:3000
20230913	21:15:51	0103e483-b755-4fdf-92ed-b5a6bb0655d1	OPTIONS	/users/profile	http://localhost:3000
20230913	21:15:51	8e4709f8-6708-4313-82d7-cfd1e28c4664	GET	/users/profile	http://localhost:3000
20230913	21:16:16	b579c3ec-ce73-46c1-a4cf-ed385596485c	OPTIONS	/users/profile	http://localhost:3000
20230913	21:16:16	4ee69a2f-eb71-4ba2-8f0f-906466b441a1	GET	/users/profile	http://localhost:3000
20230913	21:16:29	fb05f347-6c86-4571-a5b9-2ae78a9aaa09	OPTIONS	/users/profile	http://localhost:3000
20230913	21:16:29	309c013f-a5f0-499c-882e-f1515a70926b	GET	/users/profile	http://localhost:3000
20230913	21:16:29	5b153d3d-3a18-4a71-b7f9-2585e0a026b9	GET	/users/profile	http://localhost:3000
20230913	21:17:01	df8b5f68-dc71-4e1b-98ca-cb9d9ad2d11d	OPTIONS	/users/profile	http://localhost:3000
20230913	21:17:01	630c174b-7ebc-452b-a8ac-836fe878fcf5	GET	/users/profile	http://localhost:3000
20230913	21:17:01	040fa35c-3094-4a31-bf40-69c0dacbec39	GET	/users/profile	http://localhost:3000
20230913	21:17:16	a9733e28-d804-464c-a65b-986cc59ec639	OPTIONS	/users/profile	http://localhost:3000
20230913	21:17:16	947161d2-99fa-4ce2-9f08-f23e31d7c335	GET	/users/profile	http://localhost:3000
20230913	21:17:35	e4081458-1db5-4b14-8438-d3c3f8bff787	OPTIONS	/users/profile	http://localhost:3000
20230913	21:17:35	eeb7c0c7-8054-444a-a1e1-7b4f7a6e33ac	GET	/users/profile	http://localhost:3000
20230913	21:17:51	6e4f7fa4-b703-454c-8438-ca7da88181c3	OPTIONS	/users/profile	http://localhost:3000
20230913	21:17:51	48715d02-c83b-48ee-aaf4-ef49824373d3	GET	/users/profile	http://localhost:3000
20230913	21:17:54	97e5d6fc-20ea-4605-849f-04b92ee69237	GET	/users/profile	http://localhost:3000
20230913	21:17:57	5c06bb68-d7a8-4b0b-b5f0-ef5d782a2701	OPTIONS	/users/profile	http://localhost:3000
20230913	21:17:57	1811be1c-a32f-4121-bc00-f9ac9f9da580	GET	/users/profile	http://localhost:3000
20230913	21:17:59	4c753989-6318-4c14-af44-2a7542578f85	GET	/users/profile	http://localhost:3000
20230913	21:18:09	16879951-cb84-4f98-8af1-3fabf4d20b6e	OPTIONS	/users/profile	http://localhost:3000
20230913	21:18:09	613288b6-c167-493e-9a35-2be2ff44ec73	GET	/users/profile	http://localhost:3000
20230913	21:18:49	9041bfde-2914-4c48-a444-587400a3b7b9	OPTIONS	/users/profile	http://localhost:3000
20230913	21:18:49	11bce5ce-7da8-439c-8043-057490d95f4b	GET	/users/profile	http://localhost:3000
20230913	21:18:49	1ea7439a-1630-43e2-9b93-da40d0dd38d4	GET	/users/profile	http://localhost:3000
20230913	21:19:00	5d2c831b-f36e-4b95-b9c8-7959e9762d97	OPTIONS	/users/profile	http://localhost:3000
20230913	21:19:00	b4a4a6bf-5847-4298-bba0-094bf3611c97	GET	/users/profile	http://localhost:3000
20230913	21:19:08	e550da3e-c226-40ed-b609-0defc3dde21e	OPTIONS	/users/profile	http://localhost:3000
20230913	21:19:08	bbbed2c5-0a1f-4884-bf61-fd8dd0697cce	GET	/users/profile	http://localhost:3000
20230913	21:19:09	2bd4e1cf-6f1e-4ce5-9fa5-ea5875477da4	GET	/users/profile	http://localhost:3000
20230913	21:19:15	561d07f1-04cd-4be0-aacf-b1ca2e2e02fb	OPTIONS	/users/profile	http://localhost:3000
20230913	21:19:15	c0c612b1-045d-49c2-9759-9b4675b3861a	GET	/users/profile	http://localhost:3000
20230913	21:19:24	802805a7-1be1-4510-975e-7bbf15fe2211	OPTIONS	/users/	http://localhost:3000
20230914	10:46:11	dab31298-6892-4b59-a6a5-b9d06f793387	POST	/auth/login	undefined
20230914	10:46:36	cf6034a4-9466-4cd7-b256-fe32664825f5	PATCH	/users/	undefined
20230914	10:46:48	00a5585c-ffbe-492e-ac02-7a5d27abfbf8	GET	/users/	undefined
20230914	10:47:10	861a2d98-fb10-40dd-83e9-0e19cbd29f9a	PATCH	/users/	undefined
20230914	10:47:14	f9f21a45-378a-4bc1-94fc-da03ba40bf13	GET	/users/	undefined
20230914	11:27:05	c5cb52b6-5127-4d8b-964b-b85e02835c46	OPTIONS	/auth/login	http://localhost:3000
20230914	11:27:05	ebc72168-1f5c-4aff-b3b0-b245316604df	POST	/auth/login	http://localhost:3000
20230914	11:39:59	3079a627-9578-4e37-b0f1-ce14eedb87df	OPTIONS	/auth/login	http://localhost:3000
20230914	11:39:59	f6328db2-d7b1-491f-86af-8c124302731b	POST	/auth/login	http://localhost:3000
20230914	11:40:06	cb4cc498-9e07-4e13-bf70-9741ee422e01	OPTIONS	/users/profile	http://localhost:3000
20230914	11:40:06	c9e20fba-66ae-4575-bf4e-d66233d4316b	GET	/users/profile	http://localhost:3000
20230914	11:40:40	26b88617-42cd-4064-a6d8-4ccf0cb16121	OPTIONS	/users/profile	http://localhost:3000
20230914	11:40:40	5f1be8dc-434c-4cc5-a60a-43581234d644	GET	/users/profile	http://localhost:3000
20230914	11:40:40	f80b4282-0cf7-411a-be60-1da66fecda9c	OPTIONS	/users/	http://localhost:3000
20230914	11:40:40	f515e8fc-44cb-456c-bd53-51343fcd494e	PATCH	/users/	http://localhost:3000
20230914	11:40:40	9a21f351-101e-4613-8347-f770a0671920	GET	/users/profile	http://localhost:3000
20230914	11:40:52	4492f7b7-1619-4f1f-937a-10a92ff99237	GET	/users/	undefined
20230914	11:40:54	d29cec11-3553-47e8-9445-c0e085e0fcac	OPTIONS	/users/profile	http://localhost:3000
20230914	11:40:54	fd61430c-fcfc-4720-b60a-3244a1299d3d	GET	/users/profile	http://localhost:3000
20230914	11:41:15	12b18b8b-b4a9-4dc0-86ad-26b52e59d6de	OPTIONS	/users/profile	http://localhost:3000
20230914	11:41:15	65be2d5e-9cbf-4666-baa8-c84d61eb2582	GET	/users/profile	http://localhost:3000
20230914	11:41:16	e6c17e04-8739-4e13-a52c-2a0028de343b	GET	/users/profile	http://localhost:3000
20230914	11:41:27	3cdb58ac-bbde-4285-8705-f6a470a00482	OPTIONS	/users/profile	http://localhost:3000
20230914	11:41:27	cbdd9df2-c696-4c9f-ae8b-80339a6c38e0	GET	/users/profile	http://localhost:3000
20230914	11:47:46	2b7e5962-732b-4303-9d23-2cf9f752390c	OPTIONS	/users/profile	http://localhost:3000
20230914	11:47:46	b86da679-cf77-4324-a05c-80bc7725d575	GET	/users/profile	http://localhost:3000
20230914	11:51:38	f2f683fb-273f-46e1-b7c2-8ee78874bc8b	OPTIONS	/users/profile	http://localhost:3000
20230914	11:51:38	b49a74bb-2646-41b1-af23-bc17074e16c4	GET	/users/profile	http://localhost:3000
20230914	11:51:38	1d7ee7a3-ba39-4c23-acaa-2d9132b1b234	GET	/users/profile	http://localhost:3000
20230914	11:51:39	fd31e507-39b6-4da2-a87f-afc5e09e5d7e	GET	/users/profile	http://localhost:3000
20230914	11:51:44	ab3785be-ddbf-44ac-bd03-a7b9cb68fb34	OPTIONS	/users/	http://localhost:3000
20230914	11:51:44	72f00bc3-5189-408b-bc77-4d07a7697648	PATCH	/users/	http://localhost:3000
20230914	11:51:44	13e88a20-3377-4f5f-b434-1f2fb6d42505	OPTIONS	/users/profile	http://localhost:3000
20230914	11:51:44	22132925-fc06-4093-86bc-4a4e303c0987	GET	/users/profile	http://localhost:3000
20230914	11:51:56	776f0e0f-93ee-4a72-8b96-81a43541b85b	OPTIONS	/users/profile	http://localhost:3000
20230914	11:51:56	dea412a3-f71f-41db-9fd3-066879d96680	GET	/users/profile	http://localhost:3000
20230914	11:52:03	d6340313-1acd-4038-8f9f-0ed5a51f98a2	OPTIONS	/users/	http://localhost:3000
20230914	11:52:03	dc12a4f1-c593-43d5-9746-f90e6f684c26	PATCH	/users/	http://localhost:3000
20230914	11:52:03	1465a77f-f540-45d8-b0cc-0e0e90249908	OPTIONS	/users/profile	http://localhost:3000
20230914	11:52:03	e4e156d9-b7b3-4e3e-96ee-a034a42821a7	GET	/users/profile	http://localhost:3000
20230914	11:52:13	19727c3f-4ff5-4ee2-b137-fad7abecf55f	OPTIONS	/users/profile	http://localhost:3000
20230914	11:52:13	dc7306b9-cca0-4908-abf3-a9070127d928	GET	/users/profile	http://localhost:3000
20230914	11:52:19	b1d5621a-a95c-442b-8e16-2afc74e9dbec	OPTIONS	/users/	http://localhost:3000
20230914	11:52:19	5663e854-b456-46fc-b988-694f69a3724d	PATCH	/users/	http://localhost:3000
20230914	11:52:19	9bc3e425-6feb-42bb-93bf-6c65b1920f17	OPTIONS	/users/profile	http://localhost:3000
20230914	11:52:19	a26df2da-4feb-447a-8f63-d4a5dfb6aec8	GET	/users/profile	http://localhost:3000
20230914	11:52:23	4bee7984-db05-4d10-83bc-376dadef5c0d	GET	/users/profile	http://localhost:3000
20230914	11:54:16	dad20ae4-d514-4a73-aec4-baf299876d0e	OPTIONS	/users/profile	http://localhost:3000
20230914	11:54:16	2c33bd7c-4dc0-4ff0-af0b-f26c5242e7df	GET	/users/profile	http://localhost:3000
20230914	11:54:18	a608e707-e5c7-409f-9ca6-28140e233cd2	GET	/users/profile	http://localhost:3000
20230914	11:54:48	7379510b-d5d8-41ba-b658-ee9c5ac9d66a	OPTIONS	/users/profile	http://localhost:3000
20230914	11:54:48	060b8f11-807a-4e18-bb07-38d62b0c4617	GET	/users/profile	http://localhost:3000
20230914	11:55:23	39087172-8075-494b-93bc-1e05a8e72984	OPTIONS	/auth/register	http://localhost:3000
20230914	11:55:23	d144ecc4-cfc3-4287-8c60-8192cc4bd459	POST	/auth/register	http://localhost:3000
20230914	11:55:26	63f4caa1-29d7-4cb4-97b6-7830d723e996	OPTIONS	/users/profile	http://localhost:3000
20230914	11:55:26	5392f4a7-eda4-45ee-8c39-3019792e239d	GET	/users/profile	http://localhost:3000
20230914	16:54:13	6c967493-89eb-4907-906d-0acdf1c77548	POST	/genres/	undefined
20230914	16:54:25	f3026fae-8222-45e7-9a0e-76e50cd2a222	POST	/genres/	undefined
20230914	16:54:32	72d9e663-e9c1-4ae1-8ebe-e69091d140c3	POST	/genres/	undefined
20230914	16:54:37	9ce858e6-d7f8-4a4c-ab26-c39eeb056e87	POST	/genres/	undefined
20230914	17:42:26	1e2d5253-baf6-4e19-800a-3f82c4ff92bf	POST	/books/	undefined
20230914	17:43:50	18c560dc-d053-4c51-a04d-301fd53a4934	POST	/books/	undefined
20230914	17:44:51	3874f7e5-be43-4e09-908a-d4d00ca9f99f	POST	/books/	undefined
20230914	17:46:57	dcf9a108-50ee-4d20-8dcf-a6af38546682	POST	/books/	undefined
20230914	17:51:46	258e62e6-c102-4bb3-8a76-94d43fa269ce	GET	/books/	undefined
20230914	17:53:13	1a1ffc07-5346-42cb-a7ee-6d7bf2a56536	POST	/books/	undefined
20230914	17:53:19	d93677d8-89f0-48a3-9af6-1b45262d9896	GET	/books/	undefined
20230914	17:54:16	b49b6549-12b6-46cd-aecf-d32588353ea4	POST	/books/	undefined
20230914	17:55:09	092c6967-e547-4f8a-a2fa-763290dec9d8	GET	/books/	undefined
20230914	17:55:16	344da254-aef7-46c3-86e7-de0d1c6ed425	POST	/books/	undefined
20230914	17:57:25	5d6f040a-10ad-45bd-a002-16a4274fc5d4	GET	/books/	undefined
20230914	17:57:33	23a80fac-cbd9-4210-890d-eb42d48ef3ff	POST	/books/	undefined
20230914	17:58:05	c66ed26a-8631-486f-97ec-25466489f11e	GET	/books/	undefined
20230914	17:58:10	614e132c-dc4a-4210-8e4a-7e694040f49a	POST	/books/	undefined
20230914	17:58:58	eeb5c926-0826-4bf5-b00f-78893b403eb9	POST	/books/	undefined
20230914	17:59:12	bb0b6340-f65d-4b15-a7a0-968fa02a48c2	POST	/books/	undefined
20230914	17:59:55	ff7dabb5-0aff-4c84-8dac-0899952a3e2f	POST	/books/	undefined
20230914	18:01:15	3f171b74-c451-45c7-85e2-cd3803c89cbb	POST	/books/	undefined
20230914	18:12:44	64d688a0-d8a0-409c-8359-4a0a9ed11aab	POST	/books/	undefined
20230914	18:14:02	a6097af8-d17c-4cc4-8877-34815a612145	POST	/books/	undefined
20230914	18:14:40	369dbc89-65e0-465b-9a92-4fd3aee00c0e	POST	/books/	undefined
20230914	18:19:06	8df5f618-f252-42ad-92ef-ea91c7afeb6d	POST	/books/	undefined
20230914	18:31:02	715651dd-9173-4423-87a2-39e5c3da7f92	PATCH	/books/6503b10a9b8d69b4b3cac3c1	undefined
20230914	18:31:35	4453ec80-9e5c-40a5-b6a3-1860adbc784f	PATCH	/books/6503b10a9b8d69b4b3cac3c1	undefined
20230914	18:32:11	4ee5db99-31a7-41df-9146-9db6936ac352	POST	/books/	undefined
20230914	18:32:45	c9b2a2b1-f006-457d-b34e-71b25ebaeb2e	GET	/books/	undefined
20230914	18:33:02	1e38a158-2de7-4de8-9d06-6114d4509acd	DELETE	/books/6503b41b15c82e08324fc043	undefined
20230914	18:36:04	9e076e5e-3ebf-4d91-a8bb-f38fd2764da8	DELETE	/books/6503b41b15c82e08324fc043	undefined
20230914	18:50:17	67683737-6fa2-4289-9f81-e43b5585efb9	GET	/books/	undefined
20230914	18:50:36	18b31612-ea8f-4ec9-a197-793e7599d6f9	DELETE	/books/6503b41b15c82e08324fc043	undefined
20230914	18:50:43	a94a29fb-b743-49b5-912b-60397e341695	GET	/books/	undefined
20230914	21:07:30	ad42be9d-3bd1-4d20-b69e-43963d947762	POST	/bookGenres	undefined
20230914	21:07:30	8a330904-9799-4ab2-a448-f4f04fc16eda	POST	/bookGenres	undefined
20230914	21:08:01	29195798-9941-4381-8c95-3afc2ce45b93	POST	/genres/	undefined
20230914	21:10:24	f4f86d53-18f1-4323-b8f8-3e8d6e25ccb3	GET	/books/	undefined
20230914	21:10:50	16d72dfb-7413-4772-93a6-1fcff89f2906	POST	/bookGenres	undefined
20230914	21:11:33	124186d7-5e24-45b1-9bdc-b8727484a795	POST	/bookGenres	undefined
20230914	21:12:23	58ceb279-de37-4719-8d04-9ae7e58618ae	POST	/bookGenres	undefined
20230914	21:13:41	8b26530b-3f6b-4316-94e3-a1eb3bb77411	POST	/bookGenres	undefined
20230914	21:15:30	8b140982-83b9-4e08-aa72-65bb69914da8	POST	/bookGenres	undefined
20230914	21:16:32	d36566d7-063b-49fd-9e49-bb1aa5a9e712	POST	/bookGenres	undefined
20230914	21:17:29	d8ee6634-ea03-41b8-99a1-7bc6c3dcb052	POST	/bookGenres	undefined
20230914	21:27:08	0211ccfa-1207-4513-b0e3-aace6e5bf0a0	POST	/bookGenres	undefined
20230914	21:27:51	ae77ac44-0c80-4de8-bb10-66ef6aa37ee2	GET	/books/	undefined
20230914	21:36:25	2906b99e-cf9f-49fc-81f2-c2707cbdb20f	POST	/bookGenres	undefined
20230914	21:36:32	4c479702-8a53-489f-8273-6418f66b5a6a	GET	/books/	undefined
20230914	21:52:44	a13cf00a-53b0-4afc-a2e4-9db292ceff87	GET	/bookGenres/6503b10a9b8d69b4b3cac3c1	undefined
20230914	21:54:44	6f8cc0a2-9c64-46a0-9066-d59b80529664	GET	/bookGenres/6503b10a9b8d69b4b3cac3c1	undefined
20230914	21:55:48	af5ab320-62d1-4fad-a4f8-e9c6c5f1bf0f	GET	/bookGenres/6503d8a10a9c507c6aadb2b0	undefined
20230914	21:56:53	f8484840-52e9-44a8-82c9-4a79dc28d349	GET	/bookGenres/genre/6503d8a10a9c507c6aadb2b0	undefined
20230914	21:58:07	32b0c185-06d3-4f18-9b99-1ad4d5db5d71	GET	/bookGenres/book/6503b10a9b8d69b4b3cac3c1	undefined
20230916	09:58:49	08d2961b-8c5e-44a6-9a0b-93735915e329	POST	/bookGenres	undefined
20230916	09:59:40	f12e9058-b82b-4ab2-b0a4-7988ecd88be0	POST	/bookGenres	undefined
20230916	09:59:56	1c129769-28e8-4051-93fb-e9a9f7f5a6b2	POST	/bookGenres	undefined
20230916	10:00:03	24e0601f-5eda-4935-bbbe-13d567337f74	POST	/bookGenres	undefined
20230916	10:00:39	39a797f6-c88c-4922-91f4-cff773f75d91	DELETE	/bookGenres/6505df130e82f237dc51e013	undefined
20230916	10:27:38	36e9ee1c-96b9-4c06-a2f1-14ffb3a6fec3	POST	/reviews	undefined
20230916	10:31:47	3e6fff8d-2684-4a69-b7e5-68d5223be970	PATCH	/reviews	undefined
20230916	10:34:35	f8710dd9-45df-43ec-b539-bc859e2c1597	POST	/reviews	undefined
20230916	10:35:40	220749be-e44e-4c41-91c3-58fe73301acc	DELETE	/reviews/6505e72b9761408d5b55d34d	undefined
20230916	10:36:29	0dfbc8ad-8d87-43b3-a404-01c033e72a1b	DELETE	/reviews/6505e72b9761408d5b55d34d	undefined
20230916	10:36:47	98716344-42db-449a-bf7d-900751357e5d	DELETE	/reviews/6505e72b9761408d5b55d34d	undefined
20230916	10:42:13	332c7b1b-c80d-4a60-866d-a51a3e80fa92	DELETE	/reviews/6505e72b9761408d5b55d34d	undefined
20230916	13:40:11	1a872f81-eb54-4406-9df7-d60966f23c66	POST	/reviews	undefined
20230916	13:40:16	7a136e9a-a48e-46a8-b2d7-dae8a16a8f04	POST	/reviews	undefined
20230916	13:40:19	3ecc9f06-550e-4dcf-afce-3eb935770852	POST	/reviews	undefined
20230916	13:40:23	9ae99252-212b-49e6-9af4-d809c0aee511	POST	/reviews	undefined
20230916	13:41:21	7665a0fe-38d8-443a-9c66-e65458913c64	GET	/reviews/by-rating	undefined
20230916	13:41:58	592cb4b3-0176-4065-963f-4143111b43af	GET	/reviews/sort-by-date	undefined
20230916	13:42:37	3a72ace7-03a7-413b-96a9-ee05e8721df7	GET	/reviews/sort-by-rating	undefined
20230916	13:42:56	050a505c-91be-42f4-b78e-57ad9bb07c0a	GET	/reviews/sort-by-rating	undefined
20230916	13:47:47	064a450c-73e0-4ef0-8bd3-58f3368c02c4	GET	/reviews/latest	undefined
20230916	13:48:02	033fce52-9e68-4b77-998a-281d5bf8f6f3	GET	/reviews/latest	undefined
20230916	13:48:37	3e4be0d0-2e81-458b-8a14-6d56053cbd6c	GET	/reviews/top-rated	undefined
20230916	13:50:27	b0f2f97f-ae10-4c48-ab2a-3d5f4229cb08	GET	/reviews/latest	undefined
20230916	13:55:13	403fc8b2-bc56-41c3-b58d-c717c875aa39	GET	/reviews/by-rating?minRating=4	undefined
20230916	14:05:35	920f485a-f496-4aef-95ab-0e59bbef3319	GET	/books/6503b10a9b8d69b4b3cac3c1	undefined
20230916	14:07:36	d6ad18c6-053e-460a-acaf-301a1151c0db	GET	/books/6503b10a9b8d69b4b3cac3c1	undefined
20230916	14:12:53	778c61f6-3da0-43d3-b02b-3e16a168304a	GET	/books/6503b10a9b8d69b4b3cac3c1	undefined
20230916	14:54:12	33d716fe-0383-41fd-a334-d217bc814d49	GET	/books/search?query=little	undefined
20230916	14:54:36	d8bd2796-ccb4-4bc8-8a40-40762f1ed29d	GET	/books/search?query=antoine	undefined
20230916	14:55:59	3a17bc64-8450-48f5-9533-5cd4a6f0e4ab	GET	/books/search?query=antoine	undefined
20230916	14:57:29	71e50096-da82-496b-ad69-7b3d9329e035	GET	/books/search	undefined
20230916	14:57:46	d3ac96dc-e4ba-4074-95ba-5199fa89c190	GET	/books/search?query=antoine	undefined
20230916	14:57:47	52652fcf-d274-4106-b7e2-ff47cb354d00	GET	/books/search?query=antoine	undefined
20230916	15:00:04	b6aa65ae-6445-4e56-8579-370439ba4162	GET	/books/search?query=antoine	undefined
20230916	15:08:12	9f1b5b92-5b07-4752-9800-050061bc79ca	GET	/books/filter?genre=65039d25b6950d45bbfb464b	undefined
20230916	16:09:42	45b54a71-19a1-4290-a94d-eed8ada2137b	POST	/books/	undefined
20230917	11:53:03	05fe024f-67eb-4ebc-8ec3-f42b323ca7d5	POST	/auth/register	undefined
20230917	11:55:41	1e83cf51-990d-49f8-bb6e-2dfa9b6e6bb4	POST	/auth/register	undefined
20230917	11:55:50	149c77df-6f8e-4a56-b2a6-c21511ebd0c2	POST	/auth/register	undefined
20230917	11:57:41	78048527-3ed6-47f0-9b2b-da55b1f17337	POST	/auth/register	undefined
20230917	11:58:08	eb213b97-14aa-4ce2-b4af-06b02414a73f	POST	/auth/login	undefined
20230917	11:59:49	928a6cfe-e5fb-42a6-9bd3-8b765c95d111	POST	/auth/login	undefined
20230917	12:00:00	ddcb4c6b-9402-4b73-b670-92244b6825b2	GET	/users/profile	undefined
20230917	12:03:21	5061c0c9-b347-4353-a022-9c7030bd1f75	PATCH	/users/	undefined
20230917	12:41:27	4c68e084-622f-406f-bf45-27d55c2b6b63	POST	/userBooks/	undefined
20230917	12:48:48	6897f562-6678-4b46-ab5a-0464c6531efd	POST	/userBooks/	undefined
20230917	12:49:21	8107549b-86ab-4d67-b3dd-1c8a105a9fee	DELETE	/userBooks/65075820bba6e2ff1a795b70	undefined
20230917	12:49:43	4d46fc93-eb4e-48ff-a77d-312207fde4b7	POST	/userBooks/	undefined
20230917	12:50:02	65971246-0250-4324-8882-b97e7ad67c07	DELETE	/userBooks/65075857bba6e2ff1a795b76	undefined
20230917	12:50:44	ee66a5d0-caa8-421f-8021-fcb11a04d79a	DELETE	/userBooks/65075857bba6e2ff1a795b76	undefined
20230917	12:50:59	e6c61055-3b75-4717-9a7a-881cbc3248ec	DELETE	/userBooks/65075857bba6e2ff1a795b76	undefined
20230917	12:58:15	0288fa91-c2cf-42a9-b597-b689687d5cef	DELETE	/userBooks/65075857bba6e2ff1a795b76	undefined
20230917	12:58:21	e0aed9e9-90c6-4bd6-ac2d-622582bb83a1	POST	/userBooks/	undefined
20230917	12:58:44	7fff4725-5fab-4bc3-85cd-e5c94f863588	DELETE	/userBooks/65075a5dbdc55d9165a31c3d	undefined
20230918	22:21:01	0c2fb5c5-6c00-40a1-ba3c-2ed358dc29b8	GET	/userBooks/65075a5dbdc55d9165a31c3d	undefined
20230918	22:21:16	7c85d2f0-9b37-4606-b594-d779ef71ece2	GET	/userBooks/65075a5dbdc55d9165a31c3d	undefined
20230918	22:21:52	d86098a2-d709-43a4-962d-cfc1384df921	GET	/userBooks/650756675e1511f7f582f244	undefined
20230918	22:30:06	cd27cb3e-3ee2-4612-bdd1-f4986ed61f43	GET	/userBooks/history/65074c25cbd02ddd24fde4a7	undefined
20230918	22:31:26	bc923613-f22c-4a34-bdc9-49468703151d	GET	/userBooks/history/65074c25cbd02ddd24fde4a7	undefined
20230918	23:16:49	dfc1277c-c0b8-4b83-a13f-294cd85b80ea	GET	/userBooks/start/65074c25cbd02ddd24fde4a7	undefined
20230918	23:17:18	55f9c79e-7c96-4aa0-9db8-06629c211229	GET	/userBooks/start/65075857bba6e2ff1a795b76	undefined
20230919	10:48:51	a2424f7a-fc1e-4971-a77e-324e58df67f8	OPTIONS	/auth/login	http://localhost:3000
20230919	10:48:51	ae1a3f35-279d-411b-9cf1-3900f7f653ce	POST	/auth/login	http://localhost:3000
20230919	10:53:32	7abcbde2-d3f3-4594-ab9e-636c2e886efb	OPTIONS	/users/profile	http://localhost:3000
20230919	10:53:32	4ad6e4fd-2e0c-4140-be7f-32a5ee35fe17	GET	/users/profile	http://localhost:3000
20230919	10:53:55	fb801422-3874-4fc2-a13b-e405111086aa	OPTIONS	/users/profile	http://localhost:3000
20230919	10:53:55	fa4723b0-a49f-49ee-86f3-2d210798bf63	GET	/users/profile	http://localhost:3000
20230919	10:54:15	ac833eea-fa08-4ef5-8e2b-7490553dff9b	OPTIONS	/users/profile	http://localhost:3000
20230919	10:54:15	702aa587-ab79-48c2-b763-f17d058bfea2	GET	/users/profile	http://localhost:3000
20230919	10:54:16	6def23c6-109c-49bb-a745-8e93f6f06595	GET	/users/profile	http://localhost:3000
20230919	10:54:20	9a46904b-a804-4837-ae49-a5e44e1e7cd3	GET	/users/profile	http://localhost:3000
20230919	10:54:24	54c6f263-2b94-4c74-a4bd-d05478733cce	OPTIONS	/users/profile	http://localhost:3000
20230919	10:54:24	449676c0-138f-4a07-92d3-beb886d8bf9e	GET	/users/profile	http://localhost:3000
20230919	10:54:37	0a44000a-0341-4ad5-890f-ff744fb76f4e	OPTIONS	/users/profile	http://localhost:3000
20230919	10:54:37	fdbff562-1125-4617-822f-d4a1c8c80a3e	GET	/users/profile	http://localhost:3000
20230919	10:57:54	7bf3b8b0-c896-4834-9656-43250f9931c1	OPTIONS	/users/profile	http://localhost:3000
20230919	10:57:54	cedf47cc-8a85-4ad8-807d-c87f0e847c0c	GET	/users/profile	http://localhost:3000
20230919	10:58:02	1297a42b-20cc-4536-a158-4db301370f76	OPTIONS	/users/profile	http://localhost:3000
20230919	10:58:02	20e06b42-d784-401c-93ea-3ec04050e69f	GET	/users/profile	http://localhost:3000
20230919	10:58:06	260f81d0-72f1-4927-a3a9-89711090a869	GET	/users/profile	http://localhost:3000
20230919	10:58:08	60d23cf6-99a8-4e52-8234-2d9c04f9a227	OPTIONS	/users/profile	http://localhost:3000
20230919	10:58:08	4cd559b3-cdcf-48e7-bbb7-a793a0e126c0	GET	/users/profile	http://localhost:3000
20230919	10:58:11	3611e878-6707-4bf3-8224-18dadac53b3c	GET	/users/profile	http://localhost:3000
20230919	10:58:26	851d92c6-97ee-4493-bfa2-7360356cec63	OPTIONS	/users/profile	http://localhost:3000
20230919	10:58:26	b4aa1a59-7566-41f6-ba28-4d471f014f2b	GET	/users/profile	http://localhost:3000
20230919	10:58:28	5c0ac0a3-d0f8-45f7-8238-84fbcdbb3871	GET	/users/profile	http://localhost:3000
20230919	10:58:32	bec5ba15-7ea6-47bc-9518-bcbc522f378a	OPTIONS	/users/profile	http://localhost:3000
20230919	10:58:32	5f0a54d9-e0d8-435b-925e-ca21631a6fe6	GET	/users/profile	http://localhost:3000
20230919	10:58:35	22b1ff7c-5c7d-4265-9d23-3ee48eb63651	GET	/users/profile	http://localhost:3000
20230919	10:58:37	e193af9c-4faf-4360-92f9-601c8cdab527	OPTIONS	/users/profile	http://localhost:3000
20230919	10:58:37	b8d1685a-f040-4750-9714-3700207bf6fd	GET	/users/profile	http://localhost:3000
20230919	10:58:44	442f99ee-8092-4705-9262-35dd1e3af970	OPTIONS	/users/profile	http://localhost:3000
20230919	10:58:44	1498dd72-e4c8-451c-b0ee-699038496999	GET	/users/profile	http://localhost:3000
20230919	11:00:57	cc3d1582-25e3-4bf1-973f-68c673e42cb4	OPTIONS	/users/profile	http://localhost:3000
20230919	11:00:57	34bebf5f-48a7-4a6d-8b63-29db1b22a440	GET	/users/profile	http://localhost:3000
20230919	11:02:11	2e2ec377-2620-4613-82c8-9a3139f13cbb	OPTIONS	/users/profile	http://localhost:3000
20230919	11:02:11	e3abe1ee-b6e8-4da4-8213-5083e0256e1a	GET	/users/profile	http://localhost:3000
20230919	11:03:31	05b32ebd-91fa-457f-9c78-0632db6cffcf	OPTIONS	/users/profile	http://localhost:3000
20230919	11:03:31	4213c959-0869-4920-8af8-c8a9dd877e90	GET	/users/profile	http://localhost:3000
20230919	11:04:00	4b0ce228-9ab4-4c03-8a4e-f5f7b0088460	OPTIONS	/users/profile	http://localhost:3000
20230919	11:04:00	e846f5ca-b70d-4a9a-b09c-38a4eef8cd84	GET	/users/profile	http://localhost:3000
20230919	11:04:03	6ce66ab0-e49e-4b31-9a76-adc5b95494e1	GET	/users/profile	http://localhost:3000
20230919	11:04:08	e3b14719-c3ae-40e9-ac5d-793678b5bfed	OPTIONS	/users/	http://localhost:3000
20230919	11:04:08	d03e6c76-f962-4371-a3ef-cb4e46f53029	PATCH	/users/	http://localhost:3000
20230919	11:04:08	1b64539c-26f5-46fa-9d7b-8d2a41a37580	OPTIONS	/users/profile	http://localhost:3000
20230919	11:04:08	25a51bf8-8642-4e7c-8197-824898bd1312	GET	/users/profile	http://localhost:3000
20230919	11:04:29	7aa4146f-8454-4462-9ac0-0e2d3c2fbd64	OPTIONS	/users/profile	http://localhost:3000
20230919	11:04:29	04a7b26b-632b-48b7-bb02-497b2b026484	GET	/users/profile	http://localhost:3000
20230919	11:04:31	47a994a5-8766-4a5e-9388-8be093442d42	GET	/users/profile	http://localhost:3000
20230919	11:08:59	5c95e9c3-cdc5-4867-a2ae-73d8721e591d	OPTIONS	/users/profile	http://localhost:3000
20230919	11:08:59	446b1d16-be29-40b5-8992-dff4e472431e	GET	/users/profile	http://localhost:3000
20230919	11:10:02	35d185a2-7d26-4a97-a5e3-a438fb86830e	OPTIONS	/users/profile	http://localhost:3000
20230919	11:10:02	0d8bbd40-cd73-4ff2-b5aa-56d67457330c	GET	/users/profile	http://localhost:3000
20230919	11:11:12	047de585-51dc-4847-ad4a-d669db1bd985	OPTIONS	/users/profile	http://localhost:3000
20230919	11:11:12	55018001-193b-4988-861d-6d4fc3316618	GET	/users/profile	http://localhost:3000
20230919	11:15:13	5d593559-4a84-4ec6-b0b6-72eeb5335378	OPTIONS	/users/profile	http://localhost:3000
20230919	11:15:13	8f279fad-f64a-4fc2-bdf2-342d488086db	GET	/users/profile	http://localhost:3000
20230919	11:15:15	6f1a9d7e-cc42-40f5-8c12-6ff67f9ae744	GET	/users/profile	http://localhost:3000
20230919	13:18:39	80b68505-779e-429b-a4f3-198ff0b6d120	GET	/books/[object%20Object]	http://localhost:3000
20230919	13:26:10	56aa649c-223e-4cf3-889c-af0b4c766e18	GET	/books/51d3555f-bfb5-4c51-abf8-501a79e64135	undefined
20230919	13:28:29	a1e0fa7d-532f-42be-afb0-1812313e7b81	GET	/books/6503b10a9b8d69b4b3cac3c1	undefined
20230919	13:33:15	9839815b-515d-4563-b191-4170c06f2102	GET	/books/w4t8t	http://localhost:3000
20230919	13:36:37	23181255-2165-4531-bb5a-79e0d328cc79	GET	/books/w4t8t	http://localhost:3000
20230919	13:36:39	69a82b43-4de2-4c5b-8e4d-2cfd7b57fb93	GET	/books/w4t8t	http://localhost:3000
20230919	13:36:42	fbb6b6c2-c8ba-452e-a0a7-1accd072194a	GET	/books/6503b10a9b8d69b4b3cac3c1	http://localhost:3000
20230919	13:38:00	a9b531e0-2fb9-43be-96e6-dc86d226b04f	GET	/books/6503b10a9b8d69b4b3cac3c1	http://localhost:3000
20230919	13:38:06	e9965983-2116-4c61-a72b-aef42152a4ba	GET	/books/6503b10a9b8d69b4b3cac3c1	http://localhost:3000
20230919	13:38:15	b18fd302-02fd-4daf-97b4-f6113efe7937	GET	/books/6503b10a9b8d69b4b3cac3c1	http://localhost:3000
20230919	13:38:22	1c48fd20-da83-4767-88a5-9fa22d367a6b	GET	/books/6503b10a9b8d69b4b3cac3c1	http://localhost:3000
20230919	13:38:40	b33231e8-ccf2-45ac-b1f9-0472ceff861f	GET	/books/6503b10a9b8d69b4b3cac3c1	http://localhost:3000
20230919	13:38:43	ee30dff7-b08c-4580-9259-8c6df2e897dd	GET	/books/6503b10a9b8d69b4b3cac3c1	http://localhost:3000
20230919	13:38:47	43b86324-c0a3-4358-b3dd-831a77fcc2b6	GET	/books/6503b10a9b8d69b4b3cac3c1	http://localhost:3000
20230919	13:38:53	c7002c2a-e6fa-48c8-9a31-1f73325dda9a	GET	/books/6503b10a9b8d69b4b3cac3c1	http://localhost:3000
20230919	13:38:59	195e27a4-2430-4e14-828a-2965b57c8885	GET	/books/6503b10a9b8d69b4b3cac3c1	http://localhost:3000
20230919	13:39:00	f9035859-96ca-4862-a479-d12cb3af5472	GET	/books/6503b10a9b8d69b4b3cac3c1	http://localhost:3000
20230919	13:39:10	d8fe51e8-ddc0-456b-b4af-b54808a85e93	GET	/books/6503b10a9b8d69b4b3cac3c1	http://localhost:3000
20230919	13:39:40	54e058fd-2ae4-40ac-ae65-8e651487ff73	GET	/books/6503b10a9b8d69b4b3cac3c1	http://localhost:3000
20230919	13:39:46	31320124-8e6f-45da-9f5a-ac67c1546523	GET	/books/6503b10a9b8d69b4b3cac3c1	http://localhost:3000
20230919	13:39:49	92a79c7f-dd8a-4d16-a53b-b6bc5ca86f56	GET	/books/6503b10a9b8d69b4b3cac3c1	http://localhost:3000
20230919	13:39:56	37aa5672-98ce-482c-9c81-92f88d8a1ab4	GET	/books/6503b10a9b8d69b4b3cac3c1	http://localhost:3000
20230919	13:40:17	e72f2515-068f-46b9-afcd-54e93e59797d	GET	/books/6503b10a9b8d69b4b3cac3c1	http://localhost:3000
20230919	13:40:22	5f35b88d-b7ba-4102-b6f6-b3e07bd18f2f	GET	/books/6503b10a9b8d69b4b3cac3c1	http://localhost:3000
20230919	13:40:30	0cea2e8a-bfe4-4d85-8881-9509d565116d	GET	/books/6503b10a9b8d69b4b3cac3c1	http://localhost:3000
20230919	13:40:32	bd382a4e-831c-4053-9be4-74894cd78e22	GET	/books/6503b10a9b8d69b4b3cac3c1	http://localhost:3000
20230919	13:40:39	a674950a-c001-426a-8137-0ece58bf14a9	GET	/books/6503b10a9b8d69b4b3cac3c1	http://localhost:3000
20230919	13:40:43	42e7901c-d3cd-436e-aefe-1323870606cc	GET	/books/6503b10a9b8d69b4b3cac3c1	http://localhost:3000
20230919	13:40:47	c86dae46-5c9c-4083-adb3-cbb59c3cbbbd	GET	/books/6503b10a9b8d69b4b3cac3c1	http://localhost:3000
20230919	13:40:51	9b77e068-7602-4dde-abc3-131382b28882	GET	/books/6503b10a9b8d69b4b3cac3c1	http://localhost:3000
20230919	13:40:54	98725007-6b53-4f46-9535-637d8ce0e9a7	GET	/books/6503b10a9b8d69b4b3cac3c1	http://localhost:3000
20230919	13:41:04	c00f5b28-6efc-46b0-8121-d92046b301b6	GET	/books/6503b10a9b8d69b4b3cac3c1	http://localhost:3000
20230919	13:41:07	f6253a8c-2287-4b94-9f7a-5c46b630fa7e	GET	/books/6503b10a9b8d69b4b3cac3c1	http://localhost:3000
20230919	13:41:10	902b51e8-50b0-44f5-8300-70a7cfde108f	GET	/books/6503b10a9b8d69b4b3cac3c1	http://localhost:3000
20230919	13:41:18	c20c5ae1-1cae-4de9-96cb-962262f9fb3a	GET	/books/6503b10a9b8d69b4b3cac3c1	http://localhost:3000
20230919	13:41:23	64551036-0a06-4deb-afa2-cca1d9438cce	GET	/books/6503b10a9b8d69b4b3cac3c1	http://localhost:3000
20230919	13:41:25	fa6ab936-6673-4434-9bd4-56df1483a833	GET	/books/6503b10a9b8d69b4b3cac3c1	http://localhost:3000
20230919	13:46:10	e2b5f539-fe5e-4abe-8e0d-28bfcacdcc20	GET	/books/6503b10a9b8d69b4b3cac3c1	http://localhost:3000
20230919	13:46:15	d3427291-dfab-4f28-b79f-47ef97b66638	GET	/books/6503b10a9b8d69b4b3cac3c1	http://localhost:3000
20230919	14:02:35	3003aeec-2dd8-40be-8a4a-f9bfbab14922	GET	/books/6503b10a9b8d69b4b3cac3c1	http://localhost:3000
20230919	14:02:37	b1856d1d-514a-4d26-93c3-900a1bc32498	GET	/books/6503b10a9b8d69b4b3cac3c1	http://localhost:3000
20230919	14:03:00	11ce2b45-e38f-4b8f-be4b-bfd66cf31300	GET	/books/6503b10a9b8d69b4b3cac3c1	http://localhost:3000
20230919	14:03:03	b7801a9a-394a-441c-a2e5-78584370832a	GET	/books/6503b10a9b8d69b4b3cac3c1	http://localhost:3000
20230919	14:03:05	16903328-a1f8-41ba-8580-4955df60595c	GET	/books/6503b10a9b8d69b4b3cac3c1	http://localhost:3000
20230919	14:03:08	a88f26f0-eae7-4070-982e-b935e5da0979	GET	/books/6503b10a9b8d69b4b3cac3c1	http://localhost:3000
20230919	14:03:10	74776598-aa4a-4b5a-8c37-4e45a55e40e0	GET	/books/6503b10a9b8d69b4b3cac3c1	http://localhost:3000
20230919	14:03:14	b7ab2bd7-37c7-4713-8c7c-bb9041a61a1b	GET	/books/6503b10a9b8d69b4b3cac3c1	http://localhost:3000
20230919	14:08:49	9e5e561a-06b3-4adb-8531-e49295f3cd10	GET	/books/6503b10a9b8d69b4b3cac3c1	http://localhost:3000
20230919	14:08:59	4f3a45fc-6b08-4ba7-a747-a25f3285db1e	GET	/books/6503b10a9b8d69b4b3cac3c1	http://localhost:3000
20230919	14:09:10	5d341c9b-6ca4-41b6-a5c0-10722f59210b	GET	/books/6503b10a9b8d69b4b3cac3c1	http://localhost:3000
20230919	14:09:18	9a1c8329-c33d-4823-a5f8-f4b70f8f6b02	GET	/books/6503b10a9b8d69b4b3cac3c1	http://localhost:3000
20230919	14:09:29	015968df-eae9-4ca6-9454-127374e1029a	GET	/books/6503b10a9b8d69b4b3cac3c1	http://localhost:3000
20230919	14:09:31	06d2df1d-0b8f-4ca8-9014-a318a224a104	GET	/books/6503b10a9b8d69b4b3cac3c1	http://localhost:3000
20230919	14:09:47	4ff61cea-e51e-49a4-a1be-7f8383e6eb94	GET	/books/6503b10a9b8d69b4b3cac3c1	http://localhost:3000
20230919	14:09:52	dd4ddf4f-5f80-4cae-8d4e-23fa7a1965c7	GET	/books/6503b10a9b8d69b4b3cac3c1	http://localhost:3000
20230919	15:46:22	7d3faa11-3b67-4696-a01d-5877164ab6a1	GET	/books/6503b10a9b8d69b4b3cac3c1	http://localhost:3000
20230919	15:46:30	55179bd9-2a2d-47d9-908c-2a6655b67248	GET	/books/6503b10a9b8d69b4b3cac3c1	http://localhost:3000
20230919	15:46:32	84861517-048c-4c60-94d2-590d9d7a08e3	GET	/books/6503b10a9b8d69b4b3cac3c1	http://localhost:3000
20230919	16:00:48	b1fff855-9961-4755-a115-0aa053b4e368	GET	/bookGenres/book/6503b10a9b8d69b4b3cac3c1	undefined
20230919	16:04:54	8c6dd403-4622-4506-bb65-f37d7b07f530	GET	/books/6503b10a9b8d69b4b3cac3c1	http://localhost:3000
20230919	16:09:27	513a60c0-c8bd-46d6-951d-cfdb0cde8e95	GET	/books/6503b10a9b8d69b4b3cac3c1	http://localhost:3000
20230919	16:11:39	2ebce184-7b75-4c83-b8f3-3189d28e0769	GET	/books/6503b10a9b8d69b4b3cac3c1	http://localhost:3000
20230919	16:11:42	c14a91f6-18e4-45a6-83a5-18683bbb5087	GET	/books/6503b10a9b8d69b4b3cac3c1	http://localhost:3000
20230919	16:11:42	3d204df9-e3ff-46bd-a934-a1d884422f11	GET	/bookGenres/book/6503b10a9b8d69b4b3cac3c1	http://localhost:3000
20230919	16:15:12	b0d49de8-fc24-4741-a5c5-d0a9afbdbc04	GET	/books/6503b10a9b8d69b4b3cac3c1	http://localhost:3000
20230919	16:15:12	978f26f3-95fd-4f05-8ecf-9442199a74f8	GET	/bookGenres/book/6503b10a9b8d69b4b3cac3c1	http://localhost:3000
20230919	16:17:07	a3d5f592-38f0-4673-9ee7-7fb20d7342b2	GET	/books/6503b10a9b8d69b4b3cac3c1	http://localhost:3000
20230919	16:17:07	c4c7cc99-c125-453d-8266-ac4653963671	GET	/bookGenres/book/6503b10a9b8d69b4b3cac3c1	http://localhost:3000
20230919	16:17:10	a137e8fa-c0f9-44e9-a4b5-45e2a898c3e2	GET	/books/6503b10a9b8d69b4b3cac3c1	http://localhost:3000
20230919	16:17:10	94a02c73-f6eb-4255-9a09-537d00edf723	GET	/bookGenres/book/6503b10a9b8d69b4b3cac3c1	http://localhost:3000
20230919	16:18:30	6b2ddd47-cd7c-4379-964a-dff7101462be	GET	/books/6503b10a9b8d69b4b3cac3c1	http://localhost:3000
20230919	16:18:30	321360c8-3b78-4939-9bc3-394255c95806	GET	/bookGenres/book/6503b10a9b8d69b4b3cac3c1	http://localhost:3000
20230919	16:18:45	ab085253-f07a-4e69-a0b4-583904807293	GET	/books/6503b10a9b8d69b4b3cac3c1	http://localhost:3000
20230919	16:18:45	ab05f2a9-b4d9-42e1-966b-178ce726cbf1	GET	/bookGenres/book/6503b10a9b8d69b4b3cac3c1	http://localhost:3000
20230919	16:22:25	d5c3514a-85d9-416f-b86a-cf3bdc7a8bd6	GET	/bookGenres/book/6503b10a9b8d69b4b3cac3c1	http://localhost:3000
20230919	16:22:33	1c5c3183-1280-49f4-b487-29da8f1cc870	GET	/bookGenres/book/6503b10a9b8d69b4b3cac3c1	http://localhost:3000
20230919	16:22:34	34803a3b-1f5f-4d47-b674-a369f5af0b95	GET	/bookGenres/book/6503b10a9b8d69b4b3cac3c1	http://localhost:3000
20230919	16:22:41	98d17e70-17a6-4471-9513-e69fcd56e3a5	GET	/bookGenres/book/6503b10a9b8d69b4b3cac3c1	http://localhost:3000
20230919	16:22:44	33abb665-fe2d-4edf-b46b-5cdd97d02b0b	GET	/bookGenres/book/6503b10a9b8d69b4b3cac3c1	http://localhost:3000
20230919	16:22:46	688528b3-ea59-4b2e-b163-d14e64c79782	GET	/bookGenres/book/6503b10a9b8d69b4b3cac3c1	http://localhost:3000
20230919	16:23:04	a8d10182-b5bd-49d0-afda-94a7844f9f8d	GET	/bookGenres/book/6503b10a9b8d69b4b3cac3c1	http://localhost:3000
20230919	16:23:07	b4268f87-8812-4cc4-a61b-38602e7ec38f	GET	/bookGenres/book/6503b10a9b8d69b4b3cac3c1	http://localhost:3000
20230919	16:23:08	056295b5-e2d7-4c71-8e9e-da29dd33849f	GET	/bookGenres/book/6503b10a9b8d69b4b3cac3c1	http://localhost:3000
20230919	16:23:47	21d7a130-aea7-467e-99de-8b1ef2faa615	GET	/books/6503b10a9b8d69b4b3cac3c1	http://localhost:3000
20230919	16:23:47	b2986f66-f223-4a59-99f7-9ec121d59180	GET	/bookGenres/book/6503b10a9b8d69b4b3cac3c1	http://localhost:3000
20230919	16:23:50	aa16dad3-940c-444b-b6f0-434988a25159	GET	/bookGenres/book/6503b10a9b8d69b4b3cac3c1	http://localhost:3000
20230919	16:23:50	9adfbcfa-0e0f-47c0-8d15-28ab622e7ebd	GET	/books/6503b10a9b8d69b4b3cac3c1	http://localhost:3000
20230919	16:23:53	a0308fbc-08cd-4fd8-9d46-6679eed249d9	GET	/books/6503b10a9b8d69b4b3cac3c1	http://localhost:3000
20230919	16:23:53	c948e6d4-21c4-451b-920d-309902dd5454	GET	/bookGenres/book/6503b10a9b8d69b4b3cac3c1	http://localhost:3000
20230919	16:24:45	099001fd-c86c-4b4d-a3e7-778e0679009f	GET	/books/6503b10a9b8d69b4b3cac3c1	http://localhost:3000
20230919	16:24:45	496aec04-c2d6-41c0-9ee9-77bff3c7f229	GET	/bookGenres/book/6503b10a9b8d69b4b3cac3c1	http://localhost:3000
20230919	16:24:46	30929c01-c613-4b0a-b795-09c4c0e08d88	GET	/books/6503b10a9b8d69b4b3cac3c1	http://localhost:3000
20230919	16:24:46	989830d2-f559-4dd5-a815-05f8e3ac65ef	GET	/bookGenres/book/6503b10a9b8d69b4b3cac3c1	http://localhost:3000
20230919	16:26:06	8b6fee09-e620-4b52-808c-98d793c776e9	GET	/books/6503b10a9b8d69b4b3cac3c1	http://localhost:3000
20230919	16:26:06	5397f9cf-42e2-457d-adb8-f57f6771ddef	GET	/bookGenres/book/6503b10a9b8d69b4b3cac3c1	http://localhost:3000
20230919	16:26:12	9e9955f3-a988-4d5b-a428-1e3afaf6b0f4	GET	/books/6503b10a9b8d69b4b3cac3c1	http://localhost:3000
20230919	16:26:12	a6a0bef0-332b-4a23-b6da-97ce686bbdd1	GET	/bookGenres/book/6503b10a9b8d69b4b3cac3c1	http://localhost:3000
20230919	16:31:35	023be3b9-a548-4e33-a965-9fb8455a73f9	GET	/books/6503b10a9b8d69b4b3cac3c1	http://localhost:3000
20230919	16:31:35	dcb21ae2-c99b-45f7-a95c-d94928ade14a	GET	/bookGenres/book/6503b10a9b8d69b4b3cac3c1	http://localhost:3000
20230919	16:31:38	c52b210a-5d2e-4539-ba17-b6b4173688f8	GET	/books/6503b10a9b8d69b4b3cac3c1	http://localhost:3000
20230919	16:31:38	11600b4b-c7dc-4cdf-94cd-a4c829268bd2	GET	/bookGenres/book/6503b10a9b8d69b4b3cac3c1	http://localhost:3000
20230919	16:32:21	f87a3513-f8dc-4e70-a17f-59cbfcbf8a6e	GET	/books/6503b10a9b8d69b4b3cac3c1	http://localhost:3000
20230919	16:32:21	29632927-ad37-40ca-a0f4-599d7e4f0013	GET	/bookGenres/book/6503b10a9b8d69b4b3cac3c1	http://localhost:3000
20230919	16:32:25	c8053776-b371-4242-ae7a-ecb047561223	GET	/books/6503b10a9b8d69b4b3cac3c1	http://localhost:3000
20230919	16:32:25	2a76a7ae-d0b1-4b84-9d5f-3ce23c4f39d5	GET	/bookGenres/book/6503b10a9b8d69b4b3cac3c1	http://localhost:3000
20230919	16:32:27	e80fee5b-65c9-4462-8fb3-74c028ade9f9	GET	/books/6503b10a9b8d69b4b3cac3c1	http://localhost:3000
20230919	16:32:27	1b802d79-bacf-470e-a938-f6e9dc47f775	GET	/bookGenres/book/6503b10a9b8d69b4b3cac3c1	http://localhost:3000
20230919	16:32:29	d99e7046-8457-488a-bff1-878b5ca0f5a8	GET	/books/6503b10a9b8d69b4b3cac3c1	http://localhost:3000
20230919	16:32:29	08d3f0b3-4627-4125-b0ef-1e971e10e8cd	GET	/bookGenres/book/6503b10a9b8d69b4b3cac3c1	http://localhost:3000
20230919	17:17:36	480da2eb-29f8-411a-b21c-50d067825955	GET	/books/6503b10a9b8d69b4b3cac3c1	http://localhost:3000
20230919	17:17:36	cfcf72c6-d11e-4212-a123-05ea7e075f5b	GET	/bookGenres/book/6503b10a9b8d69b4b3cac3c1	http://localhost:3000
20230919	17:46:10	bf169b4a-a4f8-4fa0-8c81-eb8b2b509bbe	OPTIONS	/books/	http://localhost:3000
20230919	17:46:10	e0db6a35-7833-4484-9ae2-877bc2d788c3	POST	/books/	http://localhost:3000
20230919	17:50:23	7736c6eb-54f7-4843-8305-aa015321447a	OPTIONS	/books/	http://localhost:3000
20230919	17:50:23	d5f9ea7d-a05f-4130-9e9b-abd8a473571b	POST	/books/	http://localhost:3000
20230919	17:51:54	7a071a2d-829f-4d74-9b3d-537adfa056f7	OPTIONS	/books/	http://localhost:3000
20230919	17:51:54	a22dbe1c-9c0b-45d5-8d87-0719eb6e4289	POST	/books/	http://localhost:3000
20230919	17:51:54	f20d6762-6763-4e37-9276-d8bd312b0ae4	GET	/books/undefined	http://localhost:3000
20230919	17:51:54	724a7169-97a6-4abf-8b4b-dbba33c0d811	GET	/bookGenres/book/undefined	http://localhost:3000
20230919	17:51:55	aa23c6a7-e947-4f67-89fb-4ad382fc4170	GET	/books/undefined	http://localhost:3000
20230919	17:51:55	52a00083-9505-43a9-9300-ecad4bb1b9d3	GET	/bookGenres/book/undefined	http://localhost:3000
20230919	17:51:57	e5dd9205-9399-4d6c-b0fe-02af31abf65c	GET	/books/undefined	http://localhost:3000
20230919	17:51:57	3762de35-fb5c-4dde-a553-41c84f3fb3ea	GET	/bookGenres/book/undefined	http://localhost:3000
20230919	17:52:01	60dd7e68-72d9-47d2-b34d-e7a9d4521028	GET	/books/undefined	http://localhost:3000
20230919	17:52:02	d6c8ee9f-0373-45b7-8f80-2f02aab59427	GET	/bookGenres/book/undefined	http://localhost:3000
20230919	17:59:54	af6d063a-858c-40f3-9897-720fffabe6ae	GET	/books/undefined	http://localhost:3000
20230919	17:59:54	8495a91e-0b00-4827-b1e0-5b299b2354a6	GET	/bookGenres/book/undefined	http://localhost:3000
20230919	17:59:55	7e1921df-6ff4-41e9-825f-6ccde8abeee3	GET	/books/undefined	http://localhost:3000
20230919	17:59:55	edb63223-11dd-4eda-a714-20934c5a5989	GET	/bookGenres/book/undefined	http://localhost:3000
20230919	17:59:57	4c58da88-f726-4747-8701-86c4c210c67a	GET	/books/undefined	http://localhost:3000
20230919	17:59:57	d6b6cfe1-126d-4922-b048-c4320ff398de	GET	/bookGenres/book/undefined	http://localhost:3000
20230919	18:00:01	3443e7b8-10cc-4e96-8718-961daded14fe	GET	/books/undefined	http://localhost:3000
20230919	18:00:01	823229a1-f6e5-4bc2-a800-0aff2df40a80	GET	/bookGenres/book/undefined	http://localhost:3000
20230919	18:00:23	99723b9d-042d-48e7-8351-8be246b9e3d2	GET	/books/undefined	http://localhost:3000
20230919	18:00:23	2fdbd3ba-b709-48b4-a13f-1b8d0b858b30	GET	/bookGenres/book/undefined	http://localhost:3000
20230919	18:04:01	486ebb9d-7d58-47fd-a1dc-d1198331846c	OPTIONS	/books/	http://localhost:3000
20230919	18:04:01	c0969644-4e40-4759-9e1e-bdad8693be66	POST	/books/	http://localhost:3000
20230919	18:06:03	58937195-4b36-47d3-ba9e-5a74eb8cc9e9	OPTIONS	/books/	http://localhost:3000
20230919	18:06:03	cfe00793-e198-438f-aa9b-5b78949a0580	POST	/books/	http://localhost:3000
20230919	18:08:58	f549e4b4-f86d-42a4-9ee5-ca8dc89a2335	OPTIONS	/books/	http://localhost:3000
20230919	18:08:58	621f5981-7c89-46bd-8e9d-242e99146243	POST	/books/	http://localhost:3000
20230919	18:09:46	2161d924-efe5-4759-96e1-ead9e26b1247	OPTIONS	/books/	http://localhost:3000
20230919	18:09:46	f3923d59-dc12-41ce-bb4b-4a59ff946f10	POST	/books/	http://localhost:3000
20230919	18:09:46	971aa479-08d5-4271-a62e-563a48bdfb99	GET	/books/650a465a2e9310e0677d5607	http://localhost:3000
20230919	18:09:46	ca9684c3-0bbb-4464-bcb4-d0b29a28776c	GET	/bookGenres/book/650a465a2e9310e0677d5607	http://localhost:3000
